<?xml version="1.0" encoding="UTF-8"?>
<!-- Generated by org.testng.reporters.JUnitReportReporter -->
<testsuite skipped="1" hostname="LAPTOP-4DV9LDAE" name="zoodel.testcase.TestCase_HomePageLink" tests="1" failures="0" timestamp="21 Aug 2019 03:47:21 GMT" time="0.000" errors="0">
  <testcase name="CheckTitleOfHomePageLink" time="0.000" classname="zoodel.testcase.TestCase_HomePageLink">
    <skipped/>
  </testcase> <!-- CheckTitleOfHomePageLink -->
</testsuite> <!-- zoodel.testcase.TestCase_HomePageLink -->
